Warning. Error encountered while saving cache be4730842ed091bf5a7f8f47bc94dcab27ea85cd/custom.css.scssc: can't dump anonymous class #<Class:0x007f94b8a3c768>

Warning. Error encountered while saving cache 5d35f74155d577f7aec433f1198f4eab426db7aa/bootstrap.scssc: can't dump anonymous class #<Class:0x007f94b8a3c768>

Warning. Error encountered while saving cache 592133af610beea69d374040df6aad354b89bd79/_variables.scssc: can't dump anonymous class #<Class:0x007f94b8a3c768>

Warning. Error encountered while saving cache 592133af610beea69d374040df6aad354b89bd79/_mixins.scssc: can't dump anonymous class #<Class:0x007f94b8a3c768>

Warning. Error encountered while saving cache 66d16ac18250b911cbc766319d3e9378e3afb65d/_hide-text.scssc: can't dump anonymous class #<Class:0x007f94b8a3c768>

Warning. Error encountered while saving cache 66d16ac18250b911cbc766319d3e9378e3afb65d/_opacity.scssc: can't dump anonymous class #<Class:0x007f94b8a3c768>

Warning. Error encountered while saving cache 66d16ac18250b911cbc766319d3e9378e3afb65d/_image.scssc: can't dump anonymous class #<Class:0x007f94b8a3c768>

Warning. Error encountered while saving cache 66d16ac18250b911cbc766319d3e9378e3afb65d/_labels.scssc: can't dump anonymous class #<Class:0x007f94b8a3c768>

Warning. Error encountered while saving cache 66d16ac18250b911cbc766319d3e9378e3afb65d/_reset-filter.scssc: can't dump anonymous class #<Class:0x007f94b8a3c768>

Warning. Error encountered while saving cache 66d16ac18250b911cbc766319d3e9378e3afb65d/_resize.scssc: can't dump anonymous class #<Class:0x007f94b8a3c768>

Warning. Error encountered while saving cache 66d16ac18250b911cbc766319d3e9378e3afb65d/_responsive-visibility.scssc: can't dump anonymous class #<Class:0x007f94b8a3c768>

Warning. Error encountered while saving cache 66d16ac18250b911cbc766319d3e9378e3afb65d/_size.scssc: can't dump anonymous class #<Class:0x007f94b8a3c768>

Warning. Error encountered while saving cache 66d16ac18250b911cbc766319d3e9378e3afb65d/_tab-focus.scssc: can't dump anonymous class #<Class:0x007f94b8a3c768>

Warning. Error encountered while saving cache 66d16ac18250b911cbc766319d3e9378e3afb65d/_text-emphasis.scssc: can't dump anonymous class #<Class:0x007f94b8a3c768>

Warning. Error encountered while saving cache 66d16ac18250b911cbc766319d3e9378e3afb65d/_text-overflow.scssc: can't dump anonymous class #<Class:0x007f94b8a3c768>

Warning. Error encountered while saving cache 66d16ac18250b911cbc766319d3e9378e3afb65d/_vendor-prefixes.scssc: can't dump anonymous class #<Class:0x007f94b8a3c768>

Warning. Error encountered while saving cache 66d16ac18250b911cbc766319d3e9378e3afb65d/_alerts.scssc: can't dump anonymous class #<Class:0x007f94b8a3c768>

Warning. Error encountered while saving cache 66d16ac18250b911cbc766319d3e9378e3afb65d/_buttons.scssc: can't dump anonymous class #<Class:0x007f94b8a3c768>

Warning. Error encountered while saving cache 66d16ac18250b911cbc766319d3e9378e3afb65d/_panels.scssc: can't dump anonymous class #<Class:0x007f94b8a3c768>

Warning. Error encountered while saving cache 66d16ac18250b911cbc766319d3e9378e3afb65d/_pagination.scssc: can't dump anonymous class #<Class:0x007f94b8a3c768>

Warning. Error encountered while saving cache 66d16ac18250b911cbc766319d3e9378e3afb65d/_list-group.scssc: can't dump anonymous class #<Class:0x007f94b8a3c768>

Warning. Error encountered while saving cache 66d16ac18250b911cbc766319d3e9378e3afb65d/_nav-divider.scssc: can't dump anonymous class #<Class:0x007f94b8a3c768>

Warning. Error encountered while saving cache 66d16ac18250b911cbc766319d3e9378e3afb65d/_forms.scssc: can't dump anonymous class #<Class:0x007f94b8a3c768>

Warning. Error encountered while saving cache 66d16ac18250b911cbc766319d3e9378e3afb65d/_progress-bar.scssc: can't dump anonymous class #<Class:0x007f94b8a3c768>

Warning. Error encountered while saving cache 66d16ac18250b911cbc766319d3e9378e3afb65d/_table-row.scssc: can't dump anonymous class #<Class:0x007f94b8a3c768>

Warning. Error encountered while saving cache 66d16ac18250b911cbc766319d3e9378e3afb65d/_background-variant.scssc: can't dump anonymous class #<Class:0x007f94b8a3c768>

Warning. Error encountered while saving cache 66d16ac18250b911cbc766319d3e9378e3afb65d/_border-radius.scssc: can't dump anonymous class #<Class:0x007f94b8a3c768>

Warning. Error encountered while saving cache 66d16ac18250b911cbc766319d3e9378e3afb65d/_gradients.scssc: can't dump anonymous class #<Class:0x007f94b8a3c768>

Warning. Error encountered while saving cache 66d16ac18250b911cbc766319d3e9378e3afb65d/_clearfix.scssc: can't dump anonymous class #<Class:0x007f94b8a3c768>

Warning. Error encountered while saving cache 66d16ac18250b911cbc766319d3e9378e3afb65d/_center-block.scssc: can't dump anonymous class #<Class:0x007f94b8a3c768>

Warning. Error encountered while saving cache 66d16ac18250b911cbc766319d3e9378e3afb65d/_nav-vertical-align.scssc: can't dump anonymous class #<Class:0x007f94b8a3c768>

Warning. Error encountered while saving cache 66d16ac18250b911cbc766319d3e9378e3afb65d/_grid-framework.scssc: can't dump anonymous class #<Class:0x007f94b8a3c768>

Warning. Error encountered while saving cache 66d16ac18250b911cbc766319d3e9378e3afb65d/_grid.scssc: can't dump anonymous class #<Class:0x007f94b8a3c768>

Warning. Error encountered while saving cache 592133af610beea69d374040df6aad354b89bd79/_normalize.scssc: can't dump anonymous class #<Class:0x007f94b8a3c768>

Warning. Error encountered while saving cache 592133af610beea69d374040df6aad354b89bd79/_print.scssc: can't dump anonymous class #<Class:0x007f94b8a3c768>

Warning. Error encountered while saving cache 592133af610beea69d374040df6aad354b89bd79/_glyphicons.scssc: can't dump anonymous class #<Class:0x007f94b8a3c768>

Warning. Error encountered while saving cache 592133af610beea69d374040df6aad354b89bd79/_scaffolding.scssc: can't dump anonymous class #<Class:0x007f94b8a3c768>

Warning. Error encountered while saving cache 592133af610beea69d374040df6aad354b89bd79/_type.scssc: can't dump anonymous class #<Class:0x007f94b8a3c768>

Warning. Error encountered while saving cache 592133af610beea69d374040df6aad354b89bd79/_code.scssc: can't dump anonymous class #<Class:0x007f94b8a3c768>

Warning. Error encountered while saving cache 592133af610beea69d374040df6aad354b89bd79/_grid.scssc: can't dump anonymous class #<Class:0x007f94b8a3c768>

Warning. Error encountered while saving cache 592133af610beea69d374040df6aad354b89bd79/_tables.scssc: can't dump anonymous class #<Class:0x007f94b8a3c768>

Warning. Error encountered while saving cache 592133af610beea69d374040df6aad354b89bd79/_forms.scssc: can't dump anonymous class #<Class:0x007f94b8a3c768>

Warning. Error encountered while saving cache 592133af610beea69d374040df6aad354b89bd79/_buttons.scssc: can't dump anonymous class #<Class:0x007f94b8a3c768>

Warning. Error encountered while saving cache 592133af610beea69d374040df6aad354b89bd79/_component-animations.scssc: can't dump anonymous class #<Class:0x007f94b8a3c768>

Warning. Error encountered while saving cache 592133af610beea69d374040df6aad354b89bd79/_dropdowns.scssc: can't dump anonymous class #<Class:0x007f94b8a3c768>

Warning. Error encountered while saving cache 592133af610beea69d374040df6aad354b89bd79/_button-groups.scssc: can't dump anonymous class #<Class:0x007f94b8a3c768>

Warning. Error encountered while saving cache 592133af610beea69d374040df6aad354b89bd79/_input-groups.scssc: can't dump anonymous class #<Class:0x007f94b8a3c768>

Warning. Error encountered while saving cache 592133af610beea69d374040df6aad354b89bd79/_navs.scssc: can't dump anonymous class #<Class:0x007f94b8a3c768>

Warning. Error encountered while saving cache 592133af610beea69d374040df6aad354b89bd79/_navbar.scssc: can't dump anonymous class #<Class:0x007f94b8a3c768>

Warning. Error encountered while saving cache 592133af610beea69d374040df6aad354b89bd79/_breadcrumbs.scssc: can't dump anonymous class #<Class:0x007f94b8a3c768>

Warning. Error encountered while saving cache 592133af610beea69d374040df6aad354b89bd79/_pagination.scssc: can't dump anonymous class #<Class:0x007f94b8a3c768>

Warning. Error encountered while saving cache 592133af610beea69d374040df6aad354b89bd79/_pager.scssc: can't dump anonymous class #<Class:0x007f94b8a3c768>

Warning. Error encountered while saving cache 592133af610beea69d374040df6aad354b89bd79/_labels.scssc: can't dump anonymous class #<Class:0x007f94b8a3c768>

Warning. Error encountered while saving cache 592133af610beea69d374040df6aad354b89bd79/_badges.scssc: can't dump anonymous class #<Class:0x007f94b8a3c768>

Warning. Error encountered while saving cache 592133af610beea69d374040df6aad354b89bd79/_jumbotron.scssc: can't dump anonymous class #<Class:0x007f94b8a3c768>

Warning. Error encountered while saving cache 592133af610beea69d374040df6aad354b89bd79/_thumbnails.scssc: can't dump anonymous class #<Class:0x007f94b8a3c768>

Warning. Error encountered while saving cache 592133af610beea69d374040df6aad354b89bd79/_alerts.scssc: can't dump anonymous class #<Class:0x007f94b8a3c768>

Warning. Error encountered while saving cache 592133af610beea69d374040df6aad354b89bd79/_progress-bars.scssc: can't dump anonymous class #<Class:0x007f94b8a3c768>

Warning. Error encountered while saving cache 592133af610beea69d374040df6aad354b89bd79/_media.scssc: can't dump anonymous class #<Class:0x007f94b8a3c768>

Warning. Error encountered while saving cache 592133af610beea69d374040df6aad354b89bd79/_list-group.scssc: can't dump anonymous class #<Class:0x007f94b8a3c768>

Warning. Error encountered while saving cache 592133af610beea69d374040df6aad354b89bd79/_panels.scssc: can't dump anonymous class #<Class:0x007f94b8a3c768>

Warning. Error encountered while saving cache 592133af610beea69d374040df6aad354b89bd79/_responsive-embed.scssc: can't dump anonymous class #<Class:0x007f94b8a3c768>

Warning. Error encountered while saving cache 592133af610beea69d374040df6aad354b89bd79/_wells.scssc: can't dump anonymous class #<Class:0x007f94b8a3c768>

Warning. Error encountered while saving cache 592133af610beea69d374040df6aad354b89bd79/_close.scssc: can't dump anonymous class #<Class:0x007f94b8a3c768>

Warning. Error encountered while saving cache 592133af610beea69d374040df6aad354b89bd79/_modals.scssc: can't dump anonymous class #<Class:0x007f94b8a3c768>

Warning. Error encountered while saving cache 592133af610beea69d374040df6aad354b89bd79/_tooltip.scssc: can't dump anonymous class #<Class:0x007f94b8a3c768>

Warning. Error encountered while saving cache 592133af610beea69d374040df6aad354b89bd79/_popovers.scssc: can't dump anonymous class #<Class:0x007f94b8a3c768>

Warning. Error encountered while saving cache 592133af610beea69d374040df6aad354b89bd79/_carousel.scssc: can't dump anonymous class #<Class:0x007f94b8a3c768>

Warning. Error encountered while saving cache 592133af610beea69d374040df6aad354b89bd79/_utilities.scssc: can't dump anonymous class #<Class:0x007f94b8a3c768>

Warning. Error encountered while saving cache 592133af610beea69d374040df6aad354b89bd79/_responsive-utilities.scssc: can't dump anonymous class #<Class:0x007f94b8a3c768>

